Performing C SOURCE FILE Test CMAKE_HAVE_LIBC_PTHREAD failed with the following output:
Change Dir: /home/daniu/Documentos/materias/algo1/labos_algo1/TPi/tpi-template-alumnos/cmake-build-debug/CMakeFiles/CMakeTmp

Run Build Command(s):/usr/bin/make cmTC_ce904/fast && /usr/bin/make -f CMakeFiles/cmTC_ce904.dir/build.make CMakeFiles/cmTC_ce904.dir/build
make[1]: se entra en el directorio '/home/daniu/Documentos/materias/algo1/labos_algo1/TPi/tpi-template-alumnos/cmake-build-debug/CMakeFiles/CMakeTmp'
Building C object CMakeFiles/cmTC_ce904.dir/src.c.o
/usr/bin/cc   -DCMAKE_HAVE_LIBC_PTHREAD   -o CMakeFiles/cmTC_ce904.dir/src.c.o   -c /home/daniu/Documentos/materias/algo1/labos_algo1/TPi/tpi-template-alumnos/cmake-build-debug/CMakeFiles/CMakeTmp/src.c
Linking C executable cmTC_ce904
/snap/clion/114/bin/cmake/linux/bin/cmake -E cmake_link_script CMakeFiles/cmTC_ce904.dir/link.txt --verbose=1
/usr/bin/cc  -DCMAKE_HAVE_LIBC_PTHREAD    -rdynamic CMakeFiles/cmTC_ce904.dir/src.c.o  -o cmTC_ce904 
CMakeFiles/cmTC_ce904.dir/src.c.o: En la función `main':
src.c:(.text+0x3e): referencia a `pthread_create' sin definir
src.c:(.text+0x4a): referencia a `pthread_detach' sin definir
src.c:(.text+0x5b): referencia a `pthread_join' sin definir
src.c:(.text+0x6f): referencia a `pthread_atfork' sin definir
collect2: error: ld returned 1 exit status
CMakeFiles/cmTC_ce904.dir/build.make:86: recipe for target 'cmTC_ce904' failed
make[1]: *** [cmTC_ce904] Error 1
make[1]: se sale del directorio '/home/daniu/Documentos/materias/algo1/labos_algo1/TPi/tpi-template-alumnos/cmake-build-debug/CMakeFiles/CMakeTmp'
Makefile:121: recipe for target 'cmTC_ce904/fast' failed
make: *** [cmTC_ce904/fast] Error 2


Source file was:
#include <pthread.h>

void* test_func(void* data)
{
  return data;
}

int main(void)
{
  pthread_t thread;
  pthread_create(&thread, NULL, test_func, NULL);
  pthread_detach(thread);
  pthread_join(thread, NULL);
  pthread_atfork(NULL, NULL, NULL);
  pthread_exit(NULL);

  return 0;
}

